2023-12-28 16:58:49,655 INFO o.a.j.u.JMeterUtils: Setting Locale to es_AR
2023-12-28 16:58:49,741 INFO o.a.j.u.JMeterUtils: Could not find resources for 'es_AR', using 'es'
2023-12-28 16:58:49,746 INFO o.a.j.JMeter: Loading user properties from: user.properties
2023-12-28 16:58:49,751 INFO o.a.j.JMeter: Loading system properties from: system.properties
2023-12-28 16:58:49,767 INFO o.a.j.JMeter: Copyright (c) 1998-2023 The Apache Software Foundation
2023-12-28 16:58:49,768 INFO o.a.j.JMeter: Version 5.6.2
2023-12-28 16:58:49,768 INFO o.a.j.JMeter: java.version=11.0.15.1
2023-12-28 16:58:49,768 INFO o.a.j.JMeter: java.vm.name=Java HotSpot(TM) 64-Bit Server VM
2023-12-28 16:58:49,768 INFO o.a.j.JMeter: os.name=Windows 10
2023-12-28 16:58:49,769 INFO o.a.j.JMeter: os.arch=amd64
2023-12-28 16:58:49,769 INFO o.a.j.JMeter: os.version=10.0
2023-12-28 16:58:49,769 INFO o.a.j.JMeter: file.encoding=Cp1252
2023-12-28 16:58:49,770 INFO o.a.j.JMeter: java.awt.headless=null
2023-12-28 16:58:49,770 INFO o.a.j.JMeter: Max memory     =3737124864
2023-12-28 16:58:49,770 INFO o.a.j.JMeter: Available Processors =8
2023-12-28 16:58:49,791 INFO o.a.j.JMeter: Default Locale=español (Argentina)
2023-12-28 16:58:49,792 INFO o.a.j.JMeter: JMeter  Locale=español (Argentina)
2023-12-28 16:58:49,792 INFO o.a.j.JMeter: JMeterHome=C:\Users\Kevin.Pena\Downloads\apache-jmeter-5.6.2
2023-12-28 16:58:49,792 INFO o.a.j.JMeter: user.dir  =C:\Users\Kevin.Pena\Downloads\apache-jmeter-5.6.2\bin
2023-12-28 16:58:49,793 INFO o.a.j.JMeter: PWD       =C:\Users\Kevin.Pena\Downloads\apache-jmeter-5.6.2\bin
2023-12-28 16:58:49,796 INFO o.a.j.JMeter: IP: 172.16.246.2 Name: AR-NB-597 FullName: AR-NB-597.tsoftglobal.com
2023-12-28 16:58:49,848 INFO o.a.j.JMeter: Loaded icon properties from org/apache/jmeter/images/icon.properties
2023-12-28 16:58:50,447 INFO o.a.j.JMeterGuiLauncher: Setting LAF to: com.github.weisj.darklaf.DarkLaf:com.github.weisj.darklaf.theme.DarculaTheme
2023-12-28 16:58:53,394 INFO o.a.j.r.ClassFinder: Will scan jar C:\Users\Kevin.Pena\Downloads\apache-jmeter-5.6.2\lib\ext\jmeter-plugins-graphs-basic-2.0.jar with filter ExtendsClassFilter [parents=[interface org.apache.jmeter.gui.action.Command], inner=false, contains=null, notContains=null]. Consider exposing JMeter plugins via META-INF/services, and add JMeter-Skip-Class-Scanning=true manifest attribute so JMeter can skip classfile scanning
2023-12-28 16:58:53,410 INFO o.a.j.r.ClassFinder: Will scan jar C:\Users\Kevin.Pena\Downloads\apache-jmeter-5.6.2\lib\ext\jmeter-plugins-httpraw-0.1.jar with filter ExtendsClassFilter [parents=[interface org.apache.jmeter.gui.action.Command], inner=false, contains=null, notContains=null]. Consider exposing JMeter plugins via META-INF/services, and add JMeter-Skip-Class-Scanning=true manifest attribute so JMeter can skip classfile scanning
2023-12-28 16:58:53,431 INFO o.a.j.r.ClassFinder: Will scan jar C:\Users\Kevin.Pena\Downloads\apache-jmeter-5.6.2\lib\ext\jmeter-plugins-manager-1.10.jar with filter ExtendsClassFilter [parents=[interface org.apache.jmeter.gui.action.Command], inner=false, contains=null, notContains=null]. Consider exposing JMeter plugins via META-INF/services, and add JMeter-Skip-Class-Scanning=true manifest attribute so JMeter can skip classfile scanning
2023-12-28 16:58:53,748 INFO o.a.j.r.ClassFinder: Will scan jar C:\Users\Kevin.Pena\Downloads\apache-jmeter-5.6.2\lib\ext\jmeter-plugins-synthesis-2.2.jar with filter ExtendsClassFilter [parents=[interface org.apache.jmeter.gui.action.Command], inner=false, contains=null, notContains=null]. Consider exposing JMeter plugins via META-INF/services, and add JMeter-Skip-Class-Scanning=true manifest attribute so JMeter can skip classfile scanning
2023-12-28 16:58:53,756 INFO o.a.j.r.ClassFinder: Will scan jar C:\Users\Kevin.Pena\Downloads\apache-jmeter-5.6.2\lib\ext\jmeter-plugins-cmd-2.2.jar with filter ExtendsClassFilter [parents=[interface org.apache.jmeter.gui.action.Command], inner=false, contains=null, notContains=null]. Consider exposing JMeter plugins via META-INF/services, and add JMeter-Skip-Class-Scanning=true manifest attribute so JMeter can skip classfile scanning
2023-12-28 16:58:53,762 INFO o.a.j.r.ClassFinder: Will scan jar C:\Users\Kevin.Pena\Downloads\apache-jmeter-5.6.2\lib\ext\jmeter-plugins-filterresults-2.2.jar with filter ExtendsClassFilter [parents=[interface org.apache.jmeter.gui.action.Command], inner=false, contains=null, notContains=null]. Consider exposing JMeter plugins via META-INF/services, and add JMeter-Skip-Class-Scanning=true manifest attribute so JMeter can skip classfile scanning
2023-12-28 16:58:53,774 INFO o.a.j.r.ClassFinder: Will scan jar C:\Users\Kevin.Pena\Downloads\apache-jmeter-5.6.2\lib\ext\jmeter-plugins-graphs-additional-2.0.jar with filter ExtendsClassFilter [parents=[interface org.apache.jmeter.gui.action.Command], inner=false, contains=null, notContains=null]. Consider exposing JMeter plugins via META-INF/services, and add JMeter-Skip-Class-Scanning=true manifest attribute so JMeter can skip classfile scanning
2023-12-28 16:58:53,981 INFO o.a.j.r.ClassFinder: Will scan jar C:\Users\Kevin.Pena\Downloads\apache-jmeter-5.6.2\lib\ext\jmeter-plugins-graphs-basic-2.0.jar with filter ExtendsClassFilter [parents=[interface org.apache.jmeter.gui.plugin.MenuCreator], inner=false, contains=null, notContains=null]. Consider exposing JMeter plugins via META-INF/services, and add JMeter-Skip-Class-Scanning=true manifest attribute so JMeter can skip classfile scanning
2023-12-28 16:58:53,986 INFO o.a.j.r.ClassFinder: Will scan jar C:\Users\Kevin.Pena\Downloads\apache-jmeter-5.6.2\lib\ext\jmeter-plugins-httpraw-0.1.jar with filter ExtendsClassFilter [parents=[interface org.apache.jmeter.gui.plugin.MenuCreator], inner=false, contains=null, notContains=null]. Consider exposing JMeter plugins via META-INF/services, and add JMeter-Skip-Class-Scanning=true manifest attribute so JMeter can skip classfile scanning
2023-12-28 16:58:53,988 INFO o.a.j.r.ClassFinder: Will scan jar C:\Users\Kevin.Pena\Downloads\apache-jmeter-5.6.2\lib\ext\jmeter-plugins-manager-1.10.jar with filter ExtendsClassFilter [parents=[interface org.apache.jmeter.gui.plugin.MenuCreator], inner=false, contains=null, notContains=null]. Consider exposing JMeter plugins via META-INF/services, and add JMeter-Skip-Class-Scanning=true manifest attribute so JMeter can skip classfile scanning
2023-12-28 16:58:53,993 INFO o.a.j.r.ClassFinder: Will scan jar C:\Users\Kevin.Pena\Downloads\apache-jmeter-5.6.2\lib\ext\jmeter-plugins-synthesis-2.2.jar with filter ExtendsClassFilter [parents=[interface org.apache.jmeter.gui.plugin.MenuCreator], inner=false, contains=null, notContains=null]. Consider exposing JMeter plugins via META-INF/services, and add JMeter-Skip-Class-Scanning=true manifest attribute so JMeter can skip classfile scanning
2023-12-28 16:58:54,000 INFO o.a.j.r.ClassFinder: Will scan jar C:\Users\Kevin.Pena\Downloads\apache-jmeter-5.6.2\lib\ext\jmeter-plugins-cmd-2.2.jar with filter ExtendsClassFilter [parents=[interface org.apache.jmeter.gui.plugin.MenuCreator], inner=false, contains=null, notContains=null]. Consider exposing JMeter plugins via META-INF/services, and add JMeter-Skip-Class-Scanning=true manifest attribute so JMeter can skip classfile scanning
2023-12-28 16:58:54,002 INFO o.a.j.r.ClassFinder: Will scan jar C:\Users\Kevin.Pena\Downloads\apache-jmeter-5.6.2\lib\ext\jmeter-plugins-filterresults-2.2.jar with filter ExtendsClassFilter [parents=[interface org.apache.jmeter.gui.plugin.MenuCreator], inner=false, contains=null, notContains=null]. Consider exposing JMeter plugins via META-INF/services, and add JMeter-Skip-Class-Scanning=true manifest attribute so JMeter can skip classfile scanning
2023-12-28 16:58:54,014 INFO o.a.j.r.ClassFinder: Will scan jar C:\Users\Kevin.Pena\Downloads\apache-jmeter-5.6.2\lib\ext\jmeter-plugins-graphs-additional-2.0.jar with filter ExtendsClassFilter [parents=[interface org.apache.jmeter.gui.plugin.MenuCreator], inner=false, contains=null, notContains=null]. Consider exposing JMeter plugins via META-INF/services, and add JMeter-Skip-Class-Scanning=true manifest attribute so JMeter can skip classfile scanning
2023-12-28 16:58:57,706 INFO o.j.r.JARSourceHTTP: Found cached repo
2023-12-28 16:58:58,446 INFO o.j.r.PluginManager: Plugins Status: [jpgc-graphs-basic=2.0, jpgc-graphs-additional=2.0, jpgc-cmd=2.2, jpgc-filterresults=2.2, jpgc-httpraw=0.1, jpgc-plugins-manager=1.10, jpgc-synthesis=2.2, jmeter-core=5.6.2, jmeter-ftp=5.6.2, jmeter-http=5.6.2, jmeter-jdbc=5.6.2, jmeter-jms=5.6.2, jmeter-junit=5.6.2, jmeter-java=5.6.2, jmeter-ldap=5.6.2, jmeter-mail=5.6.2, jmeter-mongodb=5.6.2, jmeter-native=5.6.2, jmeter-tcp=5.6.2, jmeter-components=5.6.2]
2023-12-28 16:58:58,971 WARN o.a.j.g.ObjectTableModel: Header count=13 but classes count=11
2023-12-28 16:58:58,972 WARN o.a.j.g.ObjectTableModel: Header count=13 but writeFunctor count=11
